<?xml version="1.0" encoding="UTF-8"?>
<testsuite xmlns:xsi="http://www.w3.org/2001/XMLSchema-instance" xsi:noNamespaceSchemaLocation="https://maven.apache.org/surefire/maven-surefire-plugin/xsd/surefire-test-report-3.0.xsd" version="3.0" name="runner.TestRunner" time="35.967" tests="3" errors="0" skipped="0" failures="0">
  <properties>
[...]
</properties>
  <testcase name="runScenario[&quot;Verify login with valid username and password&quot;, &quot;OrangeHRM Login&quot;](1)" classname="runner.TestRunner" time="13.083">
    <system-out><![CDATA[
Scenario: Verify login with valid username and password # resources/features/Login.feature:3
  Given User launches OrangeHRM application             # stepdefinitions.LoginSteps.user_launches_orangehrm_application()
  When User enters valid username                       # stepdefinitions.LoginSteps.user_enters_valid_username()
  And User enters valid password                        # stepdefinitions.LoginSteps.user_enters_valid_password()
  And User clicks Login button                          # stepdefinitions.LoginSteps.user_clicks_login_button()
  Then Dashboard page should be displayed               # stepdefinitions.LoginSteps.dashboard_page_should_be_displayed()
]]></system-out>
    <system-err><![CDATA[[main] INFO io.github.bonigarcia.wdm.WebDriverManager - Using chromedriver 149.0.7827.155 (resolved driver for Chrome 149)
[main] INFO io.github.bonigarcia.wdm.WebDriverManager - Exporting webdriver.chrome.driver as C:\Users\Varun Aradhya\.cache\selenium\chromedriver\win64\149.0.7827.155\chromedriver.exe
Jun 27, 2026 5:45:32 AM org.openqa.selenium.devtools.CdpVersionFinder findNearestMatch
WARNING: Unable to find CDP implementation matching 149
Jun 27, 2026 5:45:32 AM org.openqa.selenium.chromium.ChromiumDriver lambda$new$4
WARNING: Unable to find version of CDP to use for 149.0.7827.103. You may need to include a dependency on a specific version of the CDP using something similar to `org.seleniumhq.selenium:selenium-devtools-v86:4.33.0` where the version ("v86") matches the version of the chromium-based browser you're using and the version number of the artifact is the same as Selenium's.
]]></system-err>
  </testcase>
  <testcase name="runScenario[&quot;Verify user can log out successfully&quot;, &quot;OrangeHRM Login&quot;](2)" classname="runner.TestRunner" time="12.765">
    <system-out><![CDATA[
Scenario: Verify user can log out successfully # resources/features/Login.feature:10
  Given User launches OrangeHRM application    # stepdefinitions.LoginSteps.user_launches_orangehrm_application()
  When User enters valid username              # stepdefinitions.LoginSteps.user_enters_valid_username()
  And User enters valid password               # stepdefinitions.LoginSteps.user_enters_valid_password()
  And User clicks Login button                 # stepdefinitions.LoginSteps.user_clicks_login_button()
  When User clicks Logout                      # stepdefinitions.LoginSteps.user_clicks_logout()
  Then Login page should be displayed          # stepdefinitions.LoginSteps.login_page_should_be_displayed()
]]></system-out>
    <system-err><![CDATA[[main] INFO io.github.bonigarcia.wdm.WebDriverManager - Using chromedriver 149.0.7827.155 (resolved driver for Chrome 149)
[main] INFO io.github.bonigarcia.wdm.WebDriverManager - Exporting webdriver.chrome.driver as C:\Users\Varun Aradhya\.cache\selenium\chromedriver\win64\149.0.7827.155\chromedriver.exe
Jun 27, 2026 5:45:43 AM org.openqa.selenium.devtools.CdpVersionFinder findNearestMatch
WARNING: Unable to find CDP implementation matching 149
Jun 27, 2026 5:45:43 AM org.openqa.selenium.chromium.ChromiumDriver lambda$new$4
WARNING: Unable to find version of CDP to use for 149.0.7827.103. You may need to include a dependency on a specific version of the CDP using something similar to `org.seleniumhq.selenium:selenium-devtools-v86:4.33.0` where the version ("v86") matches the version of the chromium-based browser you're using and the version number of the artifact is the same as Selenium's.
]]></system-err>
  </testcase>
  <testcase name="runScenario[&quot;Verify login with invalid username&quot;, &quot;OrangeHRM Login&quot;](3)" classname="runner.TestRunner" time="7.487">
    <system-out><![CDATA[
Scenario: Verify login with invalid username           # resources/features/Login.feature:18
  Given User launches OrangeHRM application            # stepdefinitions.LoginSteps.user_launches_orangehrm_application()
  When User enters invalid username                    # stepdefinitions.LoginSteps.user_enters_invalid_username()
  And User enters valid password                       # stepdefinitions.LoginSteps.user_enters_valid_password()
  And User clicks Login button                         # stepdefinitions.LoginSteps.user_clicks_login_button()
  Then Invalid credentials message should be displayed # stepdefinitions.LoginSteps.invalid_credentials_message_should_be_displayed()
]]></system-out>
    <system-err><![CDATA[[main] INFO io.github.bonigarcia.wdm.WebDriverManager - Using chromedriver 149.0.7827.155 (resolved driver for Chrome 149)
[main] INFO io.github.bonigarcia.wdm.WebDriverManager - Exporting webdriver.chrome.driver as C:\Users\Varun Aradhya\.cache\selenium\chromedriver\win64\149.0.7827.155\chromedriver.exe
Jun 27, 2026 5:45:55 AM org.openqa.selenium.devtools.CdpVersionFinder findNearestMatch
WARNING: Unable to find CDP implementation matching 149
Jun 27, 2026 5:45:55 AM org.openqa.selenium.chromium.ChromiumDriver lambda$new$4
WARNING: Unable to find version of CDP to use for 149.0.7827.103. You may need to include a dependency on a specific version of the CDP using something similar to `org.seleniumhq.selenium:selenium-devtools-v86:4.33.0` where the version ("v86") matches the version of the chromium-based browser you're using and the version number of the artifact is the same as Selenium's.
]]></system-err>
  </testcase>
</testsuite>