<?xml version="1.0" encoding="UTF-8"?>
<!-- Generated by org.testng.reporters.JUnitReportReporter -->
<testsuite hostname="DESKTOP-3U9VU66" failures="0" tests="3" name="runner.TestRunner" time="54.028" errors="0" timestamp="2026-06-27T16:42:12 IST" skipped="0">
  <testcase classname="runner.TestRunner" name="runScenario" time="19.585"/>
  <testcase classname="runner.TestRunner" name="runScenario" time="15.927"/>
  <testcase classname="runner.TestRunner" name="runScenario" time="18.516"/>
</testsuite> <!-- runner.TestRunner -->
