<?xml version="1.0" encoding="UTF-8"?>
<!-- Generated by org.testng.reporters.JUnitReportReporter -->
<testsuite hostname="DESKTOP-3U9VU66" failures="0" tests="3" name="runner.TestRunner" time="51.433" errors="0" timestamp="2026-06-27T06:11:49 IST" skipped="0">
  <testcase classname="runner.TestRunner" name="runScenario" time="19.788"/>
  <testcase classname="runner.TestRunner" name="runScenario" time="16.713"/>
  <testcase classname="runner.TestRunner" name="runScenario" time="14.932"/>
</testsuite> <!-- runner.TestRunner -->
