<?xml version="1.0" encoding="UTF-8"?>
<testng-results ignored="0" total="3" passed="3" failed="0" skipped="0">
  <reporter-output>
  </reporter-output>
  <suite started-at="2026-06-27T18:00:51 IST" name="Default suite" finished-at="2026-06-27T18:00:59 IST" duration-ms="8338">
    <groups>
    </groups>
    <test started-at="2026-06-27T18:00:51 IST" name="Default test" finished-at="2026-06-27T18:00:59 IST" duration-ms="8338">
      <class name="tests.UserAPITests">
        <test-method is-config="true" signature="setUp()[pri:0, instance:tests.UserAPITests@67c27493]" started-at="2026-06-27T18:00:51 IST" name="setUp" finished-at="2026-06-27T18:00:52 IST" duration-ms="1173" status="PASS">
          <reporter-output>
          </reporter-output>
        </test-method> <!-- setUp -->
        <test-method signature="verifyGetUser()[pri:1, instance:tests.UserAPITests@67c27493]" started-at="2026-06-27T18:00:52 IST" name="verifyGetUser" finished-at="2026-06-27T18:00:57 IST" duration-ms="4499" status="PASS">
          <reporter-output>
          </reporter-output>
        </test-method> <!-- verifyGetUser -->
        <test-method is-config="true" signature="setUp()[pri:0, instance:tests.UserAPITests@67c27493]" started-at="2026-06-27T18:00:57 IST" name="setUp" finished-at="2026-06-27T18:00:57 IST" duration-ms="2" status="PASS">
          <reporter-output>
          </reporter-output>
        </test-method> <!-- setUp -->
        <test-method signature="verifyCreateUser()[pri:2, instance:tests.UserAPITests@67c27493]" started-at="2026-06-27T18:00:57 IST" name="verifyCreateUser" finished-at="2026-06-27T18:00:59 IST" duration-ms="1973" status="PASS">
          <reporter-output>
          </reporter-output>
        </test-method> <!-- verifyCreateUser -->
        <test-method is-config="true" signature="setUp()[pri:0, instance:tests.UserAPITests@67c27493]" started-at="2026-06-27T18:00:59 IST" name="setUp" finished-at="2026-06-27T18:00:59 IST" duration-ms="1" status="PASS">
          <reporter-output>
          </reporter-output>
        </test-method> <!-- setUp -->
        <test-method signature="verifyInvalidRequest()[pri:3, instance:tests.UserAPITests@67c27493]" started-at="2026-06-27T18:00:59 IST" name="verifyInvalidRequest" finished-at="2026-06-27T18:00:59 IST" duration-ms="574" status="PASS">
          <reporter-output>
          </reporter-output>
        </test-method> <!-- verifyInvalidRequest -->
      </class> <!-- tests.UserAPITests -->
    </test> <!-- Default test -->
  </suite> <!-- Default suite -->
</testng-results>
