<?xml version="1.0" encoding="UTF-8"?>
<!-- Generated by org.testng.reporters.JUnitReportReporter -->
<testsuite hostname="DESKTOP-3U9VU66" failures="0" tests="3" name="tests.UserAPITests" time="8.222" errors="0" timestamp="2026-06-27T18:00:59 IST" skipped="0">
  <testcase classname="tests.UserAPITests" name="verifyGetUser" time="4.501"/>
  <testcase classname="tests.UserAPITests" name="verifyCreateUser" time="1.974"/>
  <testcase classname="tests.UserAPITests" name="verifyInvalidRequest" time="1.747"/>
</testsuite> <!-- tests.UserAPITests -->
