<?xml version="1.0" encoding="UTF-8"?>
<!-- Generated by org.testng.reporters.JUnitReportReporter -->
<testsuite hostname="DESKTOP-3U9VU66" failures="0" tests="3" name="tests.LoginTest" time="65.276" errors="0" timestamp="2026-06-27T05:13:57 IST" skipped="0">
  <testcase classname="tests.LoginTest" name="verifyValidLogin" time="22.112"/>
  <testcase classname="tests.LoginTest" name="verifyLogout" time="24.515"/>
  <testcase classname="tests.LoginTest" name="verifyInvalidUsername" time="18.649"/>
</testsuite> <!-- tests.LoginTest -->
