<?xml version="1.0" encoding="UTF-8"?>
<!-- Generated by org.testng.reporters.JUnitXMLReporter -->
<testsuite ignored="0" hostname="DESKTOP-3U9VU66" failures="0" tests="3" name="Default test" time="65.414" errors="0" timestamp="2026-06-27T05:13:57 IST">
  <testcase classname="tests.LoginTest" name="verifyValidLogin" time="8.493"/>
  <testcase classname="tests.LoginTest" name="verifyLogout" time="14.642"/>
  <testcase classname="tests.LoginTest" name="verifyInvalidUsername" time="8.119"/>
</testsuite> <!-- Default test -->
