<?xml version="1.0" encoding="UTF-8"?>
<!-- Generated by org.testng.reporters.JUnitReportReporter -->
<testsuite hostname="DESKTOP-3U9VU66" failures="0" tests="3" name="runner.TestRunner" time="33.320" errors="0" timestamp="2026-06-27T05:46:02 IST" skipped="0">
  <testcase classname="runner.TestRunner" name="runScenario" time="12.764"/>
  <testcase classname="runner.TestRunner" name="runScenario" time="7.482"/>
  <testcase classname="runner.TestRunner" name="runScenario" time="13.074"/>
</testsuite> <!-- runner.TestRunner -->
