<?xml version="1.0" encoding="UTF-8"?>
<!-- Generated by org.testng.reporters.JUnitXMLReporter -->
<testsuite ignored="0" hostname="DESKTOP-3U9VU66" failures="0" tests="3" name="Default test" time="8.338" errors="0" timestamp="2026-06-27T18:00:59 IST">
  <testcase classname="tests.UserAPITests" name="verifyGetUser" time="4.499"/>
  <testcase classname="tests.UserAPITests" name="verifyCreateUser" time="1.973"/>
  <testcase classname="tests.UserAPITests" name="verifyInvalidRequest" time="0.574"/>
</testsuite> <!-- Default test -->
